<?xml version="1.0" encoding="UTF-8"?>
<!-- Generated by org.testng.reporters.JUnitReportReporter -->
<testsuite hostname="DESKTOP-VHJ66FJ" failures="0" tests="4" name="com.DataDrivenExamples" time="1.105" errors="0" timestamp="2023-11-23T16:45:17 IST" skipped="1">
  <testcase classname="com.DataDrivenExamples" name="test_Delete" time="0.047"/>
  <testcase classname="com.DataDrivenExamples" name="test_Delete" time="1.014"/>
  <testcase classname="com.DataDrivenExamples" name="test_Delete" time="0.044"/>
  <testcase classname="com.DataDrivenExamples" name="test_Post">
    <skipped/>
  </testcase> <!-- test_Post -->
</testsuite> <!-- com.DataDrivenExamples -->
