<?xml version="1.0" encoding="UTF-8"?>
<!-- Generated by org.testng.reporters.JUnitReportReporter -->
<testsuite hostname="DESKTOP-VHJ66FJ" failures="0" tests="5" name="com.LocalAPITest" time="1.125" errors="0" timestamp="2023-11-23T10:03:51 IST" skipped="1">
  <testcase classname="com.LocalAPITest" name="test_Get" time="0.029"/>
  <testcase classname="com.LocalAPITest" name="test_Delete" time="0.977"/>
  <testcase classname="com.LocalAPITest" name="test_Patch" time="0.076"/>
  <testcase classname="com.LocalAPITest" name="test_Put" time="0.043"/>
  <testcase classname="com.LocalAPITest" name="test_Post">
    <skipped/>
  </testcase> <!-- test_Post -->
</testsuite> <!-- com.LocalAPITest -->
