<?xml version="1.0" encoding="UTF-8"?>
<!-- Generated by org.testng.reporters.JUnitReportReporter -->
<testsuite hostname="DESKTOP-VHJ66FJ" failures="0" tests="1" name="com.Test_01_Get" time="2.750" errors="0" timestamp="2023-11-21T15:19:00 IST" skipped="0">
  <testcase classname="com.Test_01_Get" name="Test1" time="2.750"/>
</testsuite> <!-- com.Test_01_Get -->
