<?xml version="1.0" encoding="UTF-8"?>
<!-- Generated by org.testng.reporters.JUnitReportReporter -->
<testsuite hostname="DESKTOP-VHJ66FJ" failures="0" tests="4" name="com.Test02_Post_Put_Patch_Delete" time="5.399" errors="0" timestamp="2023-11-21T17:59:54 IST" skipped="0">
  <testcase classname="com.Test02_Post_Put_Patch_Delete" name="TC05_delete" time="0.612"/>
  <testcase classname="com.Test02_Post_Put_Patch_Delete" name="TC04_Patch" time="0.576"/>
  <testcase classname="com.Test02_Post_Put_Patch_Delete" name="TC03_PUT" time="1.555"/>
  <testcase classname="com.Test02_Post_Put_Patch_Delete" name="TC02_POST" time="2.656"/>
</testsuite> <!-- com.Test02_Post_Put_Patch_Delete -->
