<?xml version="1.0" encoding="UTF-8"?>
<!-- Generated by org.testng.reporters.JUnitReportReporter -->
<testsuite hostname="DESKTOP-VHJ66FJ" failures="0" tests="4" name="com.Test02_Put_Patch_Delete" time="3.690" errors="0" timestamp="2023-11-21T17:00:26 IST" skipped="0">
  <testcase classname="com.Test02_Put_Patch_Delete" name="TC04_Patch" time="0.763"/>
  <testcase classname="com.Test02_Put_Patch_Delete" name="TC03_PUT" time="1.807"/>
  <testcase classname="com.Test02_Put_Patch_Delete" name="TC05_delete" time="0.506"/>
  <testcase classname="com.Test02_Put_Patch_Delete" name="TC02_POST" time="0.614"/>
</testsuite> <!-- com.Test02_Put_Patch_Delete -->
